\o Program:		@(#)$CDS: libManager version 6.1.7 - CAT35 07/19/2018 21:10 (sjfnl053) $
\o Sub version:		sub-version  s221 
\o Arguments:		-mpssession virtuoso120838 -mpshost dell01 
\o Working Directory:	dell01:/home/AnalogIC1/stu23/smic018
\o 64-bit offsets
\o Qt version: 		4.8.5
\o Log file is "/home/AnalogIC1/stu23/smic018/libManager.log".
\o Opening libManager window.
\a nrSetCurrentWindow(cdsLibManager)
\a nrResizeWindow(cdsLibManager list(0 25 1020 688))
\o changeWorkingDir("/home/AnalogIC1/stu23/smic018") unnecessary.
\o ddSetForcedLib("") unnecessary.
\o MPS service: map window
\o Library Manager customization server connected.
\a cdsLibManager->libListBox->value = "Analog_IC_1_Design"
\a cdsLibManager->libLineEdit->value = "Analog_IC_1_Design"
\a cdsLibManager->cellListBox->value = "unbuffered"
\a cdsLibManager->cellLineEdit->value = "unbuffered"
\a cdsLibManager->cellListBox->value = "Ibias"
\a cdsLibManager->cellLineEdit->value = "Ibias"
\a cdsLibManager->viewListBox->value = "schematic"
\a cdsLibManager->viewLineEdit->value = "schematic"
\a cdsLibManager->viewLineEdit->value = ""
\a cdsLibManager->viewListBox->value = nil
\a lmgrLogShowPopup("mainListPopup1" 24 9 2 "Ibias")
\a cdsLibManager->editRenameButton->value = t
\a basicRenameForm->basicRenameFromEdit->value = "Ibias"
\a nrSetWindowVisibility(basicRenameForm "show")
\a basicRenameForm->basicRenameToEdit->value = "Ibias"
\a nrSetCurrentWindow(basicRenameForm)
\a nrResizeWindow(basicRenameForm list(339 219 343 182))
\a basicRenameForm->basicRenameToEdit->value = "Ibias_high_range"
\a basicRenameForm->OK->value = t
\o Renaming Cell "Ibias" to "Ibias_high_range" in library "Analog_IC_1_Design".
\a nrSetWindowVisibility(workingDialogForm "show")
\a nrSetCurrentWindow(workingDialogForm)
\a nrResizeWindow(workingDialogForm list(376 236 268 133))
\a cdsLibManager->cellListBox->value = nil
\a cdsLibManager->cellLineEdit->value = ""
\a nrSetCurrentWindow(cdsLibManager)
\a cdsLibManager->libListBox->value = nil
\a cdsLibManager->libLineEdit->value = ""
\a cdsLibManager->libListBox->value = "Analog_IC_1_Design"
\a cdsLibManager->libLineEdit->value = "Analog_IC_1_Design"
\a cdsLibManager->cellListBox->value = "unbuffered"
\a cdsLibManager->cellLineEdit->value = "unbuffered"
\a cdsLibManager->viewListBox->value = "schematic"
\a cdsLibManager->viewLineEdit->value = "schematic"
\a cdsLibManager->cellListBox->value = "Ibias_high_range"
\a cdsLibManager->cellLineEdit->value = "Ibias_high_range"
\a cdsLibManager->viewLineEdit->value = ""
\a cdsLibManager->viewListBox->value = nil
\a cdsLibManager->viewListBox->value = "schematic"
\a cdsLibManager->viewLineEdit->value = "schematic"
\a cdsLibManager->cellListBox->value = "unbuffered_debug"
\a cdsLibManager->cellLineEdit->value = "unbuffered_debug"
\a cdsLibManager->viewLineEdit->value = ""
\a cdsLibManager->viewListBox->value = nil
\a cdsLibManager->viewListBox->value = "schematic"
\a cdsLibManager->viewLineEdit->value = "schematic"
\a cdsLibManager->cellListBox->value = "unbuffered"
\a cdsLibManager->cellLineEdit->value = "unbuffered"
\a cdsLibManager->viewLineEdit->value = ""
\a cdsLibManager->viewListBox->value = nil
\a cdsLibManager->viewListBox->value = "schematic"
\a cdsLibManager->viewLineEdit->value = "schematic"
\a cdsLibManager->cellLineEdit->value = ""
\a cdsLibManager->cellListBox->value = nil
\a cdsLibManager->viewLineEdit->value = ""
\a cdsLibManager->viewListBox->value = nil
\a cdsLibManager->cellListBox->value = "unbuffered"
\a cdsLibManager->cellLineEdit->value = "unbuffered"
\a cdsLibManager->viewListBox->value = "schematic"
\a cdsLibManager->viewLineEdit->value = "schematic"
\a cdsLibManager->viewLineEdit->value = ""
\a cdsLibManager->viewListBox->value = nil
\o MPS request: edit design
\a nrListItemAction(cdsLibManager->cellListBox 1 0)
\a cdsLibManager->libListBox->value = nil
\a cdsLibManager->libLineEdit->value = ""
\a cdsLibManager->cellListBox->value = nil
\a cdsLibManager->cellLineEdit->value = ""
\a cdsLibManager->libListBox->value = "Analog_IC_1_Design"
\a cdsLibManager->libLineEdit->value = "Analog_IC_1_Design"
\a cdsLibManager->cellListBox->value = "unbuffered"
\a cdsLibManager->cellLineEdit->value = "unbuffered"
\a cdsLibManager->viewListBox->value = "schematic"
\a cdsLibManager->viewLineEdit->value = "schematic"
\a cdsLibManager->viewLineEdit->value = ""
\a cdsLibManager->viewListBox->value = nil
\a cdsLibManager->viewListBox->value = "schematic"
\a cdsLibManager->viewLineEdit->value = "schematic"
\a nrSetCurrentWindow(cdsLibManager)
\a nrSetCurrentWindow(cdsLibManager)
\a cdsLibManager->cellListBox->value = "unbuffered_test"
\a cdsLibManager->cellLineEdit->value = "unbuffered_test"
\a cdsLibManager->viewLineEdit->value = ""
\a cdsLibManager->viewListBox->value = nil
\a cdsLibManager->viewListBox->value = "schematic"
\a cdsLibManager->viewLineEdit->value = "schematic"
\a cdsLibManager->cellListBox->value = "unbuffered_debug"
\a cdsLibManager->cellLineEdit->value = "unbuffered_debug"
\a cdsLibManager->viewLineEdit->value = ""
\a cdsLibManager->viewListBox->value = nil
\a cdsLibManager->viewListBox->value = "schematic"
\a cdsLibManager->viewLineEdit->value = "schematic"
\a cdsLibManager->viewLineEdit->value = ""
\a cdsLibManager->viewListBox->value = nil
\o MPS request: edit design
\a nrListItemAction(cdsLibManager->cellListBox 2 0)
\a cdsLibManager->libListBox->value = nil
\a cdsLibManager->libLineEdit->value = ""
\a cdsLibManager->cellListBox->value = nil
\a cdsLibManager->cellLineEdit->value = ""
\a cdsLibManager->libListBox->value = "Analog_IC_1_Design"
\a cdsLibManager->libLineEdit->value = "Analog_IC_1_Design"
\a cdsLibManager->cellListBox->value = "unbuffered_debug"
\a cdsLibManager->cellLineEdit->value = "unbuffered_debug"
\a cdsLibManager->viewListBox->value = "schematic"
\a cdsLibManager->viewLineEdit->value = "schematic"
\a cdsLibManager->viewLineEdit->value = ""
\a cdsLibManager->viewListBox->value = nil
\a cdsLibManager->viewListBox->value = "schematic"
\a cdsLibManager->viewLineEdit->value = "schematic"
\a nrSetCurrentWindow(cdsLibManager)
\a nrSetCurrentWindow(cdsLibManager)
\a cdsLibManager->cellListBox->value = "unbuffered"
\a cdsLibManager->cellLineEdit->value = "unbuffered"
\a cdsLibManager->viewLineEdit->value = ""
\a cdsLibManager->viewListBox->value = nil
\a cdsLibManager->viewListBox->value = "schematic"
\a cdsLibManager->viewLineEdit->value = "schematic"
\a cdsLibManager->cellListBox->value = "unbuffered_debug"
\a cdsLibManager->cellLineEdit->value = "unbuffered_debug"
\a cdsLibManager->viewLineEdit->value = ""
\a cdsLibManager->viewListBox->value = nil
\a cdsLibManager->viewListBox->value = "schematic"
\a cdsLibManager->viewLineEdit->value = "schematic"
\a cdsLibManager->viewLineEdit->value = ""
\a cdsLibManager->viewListBox->value = nil
\a lmgrLogShowPopup("mainListPopup1" 75 44 2 "unbuffered_debug")
\a cdsLibManager->cellLineEdit->value = ""
\a cdsLibManager->cellListBox->value = nil
\a cdsLibManager->cellListBox->value = "unbuffered_debug"
\a cdsLibManager->cellLineEdit->value = "unbuffered_debug"
\a cdsLibManager->viewListBox->value = "schematic"
\a cdsLibManager->viewLineEdit->value = "schematic"
\a cdsLibManager->viewLineEdit->value = ""
\a cdsLibManager->viewListBox->value = nil
\a lmgrLogShowPopup("mainListPopup1" 67 45 2 "unbuffered_debug")
\a cdsLibManager->copySimpleButton->value = t
\a basicCopyForm->CategoryCellsEdit->value = "*"
\a basicCopyForm->CellsSkipLibraries->value = t
\a basicCopyForm->CellsSkipLibrariesEdit->value = "*"
\a basicCopyForm->CellsSkipLibrariesEdit->value = "*"
\a basicCopyForm->ViewsSkipLibraries->value = t
\a basicCopyForm->ViewsSkipLibrariesEdit->value = "*"
\a basicCopyForm->CopyFromLibrary->value = "Analog_IC_1_Design"
\a basicCopyForm->CopyToLibrary->value = "Analog_IC_1_Design"
\a basicCopyForm->CopyFromCell->value = "unbuffered_debug"
\a basicCopyForm->CopyToCell->value = "unbuffered_debug"
\a basicCopyForm->CellsViewsToCopy->value = "schematic"
\a basicCopyForm->CellsSkipLibrariesEdit->value = ""
\a basicCopyForm->CellsSkipLibrariesEdit->value = "MF21230158 analogLib basic cdsDefTechLib learning sealring smic18mmrf switch test"
\a basicCopyForm->ViewsSkipLibrariesEdit->value = "MF21230158 analogLib basic cdsDefTechLib learning sealring smic18mmrf switch test"
\a nrSetWindowVisibility(basicCopyForm "show")
\a nrSetCurrentWindow(basicCopyForm)
\a nrResizeWindow(basicCopyForm list(288 66 444 642))
\a basicCopyForm->CopyFromCell->value = "unbuffered_debug"
\a basicCopyForm->CopyToCell->value = "unbuffered_debug_Cl_1pF"
\a basicCopyForm->OK->value = t
\o Beginning simple copy to library "Analog_IC_1_Design".
\o Processing files to be copied...
\a nrSetWindowVisibility(workingDialogForm "show")
\a nrSetCurrentWindow(workingDialogForm)
\a nrSetWindowVisibility(workingDialogForm "show")
\a nrSetCurrentWindow(cdsLibManager)
\a nrSetCurrentWindow(workingDialogForm)
\a nrResizeWindow(workingDialogForm list(0 25 273 133))
\a cdsLibManager->libListBox->value = nil
\a cdsLibManager->libLineEdit->value = ""
\a cdsLibManager->cellListBox->value = nil
\a cdsLibManager->cellLineEdit->value = ""
\a cdsLibManager->libListBox->value = "Analog_IC_1_Design"
\a cdsLibManager->libLineEdit->value = "Analog_IC_1_Design"
\a cdsLibManager->cellListBox->value = "unbuffered_debug"
\a cdsLibManager->cellLineEdit->value = "unbuffered_debug"
\a cdsLibManager->viewListBox->value = "schematic"
\a cdsLibManager->viewLineEdit->value = "schematic"
\a cdsLibManager->viewLineEdit->value = ""
\a cdsLibManager->viewListBox->value = nil
\a cdsLibManager->viewListBox->value = "schematic"
\a cdsLibManager->viewLineEdit->value = "schematic"
\a cdsLibManager->viewLineEdit->value = ""
\a cdsLibManager->viewListBox->value = nil
\a basicCopyForm->CellsSkipLibrariesEdit->value = "*"
\a basicCopyForm->CellsSkipLibrariesEdit->value = "MF21230158 analogLib basic cdsDefTechLib learning sealring smic18mmrf switch test"
\a nrSetCurrentWindow(cdsLibManager)
\a cdsLibManager->cellListBox->value = "unbuffered_debug_Cl_1pF"
\a cdsLibManager->cellLineEdit->value = "unbuffered_debug_Cl_1pF"
\a cdsLibManager->viewListBox->value = "schematic"
\a cdsLibManager->viewLineEdit->value = "schematic"
\a nrSetCurrentWindow(cdsLibManager)
\a nrSetCurrentWindow(cdsLibManager)
\a nrSetCurrentWindow(cdsLibManager)
\a nrSetCurrentWindow(cdsLibManager)
\a nrSetCurrentWindow(cdsLibManager)
